Start testing: Nov 07 22:46 MSK
----------------------------------------------------------
1/1 Testing: find_letters
1/1 Test: find_letters
Command: "/home/omar/try/build/test/find_letters_tests"
Directory: /home/omar/try/build/test
"find_letters" start time: Nov 07 22:46 MSK
Output:
----------------------------------------------------------
[==========] Running 2 tests from 2 test cases.
[----------] Global test environment set-up.
[----------] 1 test from date_in_key
[ RUN      ] date_in_key.ok
[       OK ] date_in_key.ok (0 ms)
[----------] 1 test from date_in_key (0 ms total)

[----------] 1 test from binary_search
[ RUN      ] binary_search.ok
Элемент найден! Искать будем до 0 при ключе 0
[       OK ] binary_search.ok (0 ms)
[----------] 1 test from binary_search (0 ms total)

[----------] Global test environment tear-down
[==========] 2 tests from 2 test cases ran. (0 ms total)
[  PASSED  ] 2 tests.
<end of output>
Test time =   0.00 sec
----------------------------------------------------------
Test Passed.
"find_letters" end time: Nov 07 22:46 MSK
"find_letters" time elapsed: 00:00:00
----------------------------------------------------------

End testing: Nov 07 22:46 MSK
